<?xml version="1.0" encoding="UTF-8"?>
<!-- Generated by org.testng.reporters.JUnitReportReporter -->
<testsuite skipped="0" hostname="sureshs-mbp" name="datadriven.XMLParameters" tests="1" failures="0" timestamp="2020-05-18T22:13:39 IST" time="0.010" errors="0">
  <testcase name="fnTestXMLParameter" time="0.010" classname="datadriven.XMLParameters"/>
  <system-out/>
</testsuite> <!-- datadriven.XMLParameters -->
