<?xml version="1.0" encoding="UTF-8"?>
<!-- Generated by org.testng.reporters.JUnitReportReporter -->
<testsuite skipped="0" hostname="sureshs-mbp" name="datadriven.TestBase" tests="1" failures="0" timestamp="2020-05-18T23:11:26 IST" time="3.859" errors="0">
  <testcase name="Login" time="3.859" classname="datadriven.TestBase"/>
  <system-out/>
</testsuite> <!-- datadriven.TestBase -->
