<?xml version="1.0" encoding="UTF-8"?>
<!-- Generated by org.testng.reporters.JUnitReportReporter -->
<testsuite skipped="0" hostname="sureshs-mbp" name="datadriven.TestCase1" tests="2" failures="0" timestamp="2020-05-18T23:19:32 IST" time="7.505" errors="0">
  <testcase name="quitBrowser" time="2.798" classname="datadriven.TestCase1"/>
  <system-out/>
  <testcase name="openBrowser" time="4.707" classname="datadriven.TestCase1"/>
  <system-out/>
</testsuite> <!-- datadriven.TestCase1 -->
