<?xml version="1.0" encoding="UTF-8"?>
<!-- Generated by org.testng.reporters.JUnitReportReporter -->
<testsuite skipped="0" hostname="sureshs-mbp" name="datadriven.UsingProperties" tests="1" failures="0" timestamp="2020-05-18T23:03:40 IST" time="10.300" errors="0">
  <testcase name="Login" time="10.300" classname="datadriven.UsingProperties"/>
  <system-out/>
</testsuite> <!-- datadriven.UsingProperties -->
