<?xml version="1.0" encoding="UTF-8"?>
<!-- Generated by org.testng.reporters.JUnitReportReporter -->
<testsuite skipped="0" hostname="sureshs-mbp" name="datadriven.Annotations" tests="3" failures="0" timestamp="2020-05-18T22:02:38 IST" time="0.015" errors="0">
  <testcase name="fnTest8" time="0.008" classname="datadriven.Annotations"/>
  <system-out/>
  <testcase name="fnTest8" time="0.002" classname="datadriven.Annotations"/>
  <system-out/>
  <testcase name="fnTest8" time="0.005" classname="datadriven.Annotations"/>
  <system-out/>
</testsuite> <!-- datadriven.Annotations -->
