<?xml version="1.0" encoding="UTF-8"?>
<!-- Generated by org.testng.reporters.JUnitReportReporter -->
<testsuite skipped="1" hostname="192.168.1.12" name="testngFiles.Annotations" tests="4" failures="0" timestamp="2020-05-17T23:12:46 IST" time="0.019" errors="0">
  <testcase name="fnTest1" time="0.005" classname="testngFiles.Annotations"/>
  <system-out/>
  <testcase name="fnTest4" time="0.006" classname="testngFiles.Annotations"/>
  <system-out/>
  <testcase name="fnTest2" time="0.008" classname="testngFiles.Annotations"/>
  <system-out/>
  <testcase name="fnTest3" classname="testngFiles.Annotations">
    <skipped/>
  </testcase> <!-- fnTest3 -->
  <system-out/>
</testsuite> <!-- testngFiles.Annotations -->
