<?xml version="1.0" encoding="UTF-8"?>
<!-- Generated by org.testng.reporters.JUnitReportReporter -->
<testsuite skipped="1" hostname="192.168.1.12" name="testPackage.actualTestClass" tests="2" failures="0" timestamp="2020-05-17T23:38:59 IST" time="0.009" errors="0">
  <testcase name="fnTest7" time="0.009" classname="testPackage.actualTestClass"/>
  <system-out/>
  <testcase name="fnTest3" classname="testPackage.actualTestClass">
    <skipped/>
  </testcase> <!-- fnTest3 -->
  <system-out/>
</testsuite> <!-- testPackage.actualTestClass -->
