<?xml version="1.0" encoding="UTF-8"?>
<!-- Generated by org.testng.reporters.JUnitReportReporter -->
<testsuite skipped="0" hostname="sureshs-mbp" name="datadriven.dataDriven" tests="3" failures="0" timestamp="2020-05-18T22:05:19 IST" time="0.019" errors="0">
  <testcase name="fnTest8" time="0.004" classname="datadriven.dataDriven"/>
  <system-out/>
  <testcase name="fnTest8" time="0.008" classname="datadriven.dataDriven"/>
  <system-out/>
  <testcase name="fnTest8" time="0.007" classname="datadriven.dataDriven"/>
  <system-out/>
</testsuite> <!-- datadriven.dataDriven -->
