<?xml version="1.0" encoding="UTF-8"?>
<!-- Generated by org.testng.reporters.JUnitReportReporter -->
<testsuite skipped="1" hostname="sureshs-mbp" name="completePackage.Annotations" tests="7" failures="0" timestamp="2020-05-18T21:48:52 IST" time="0.040" errors="0">
  <testcase name="fnTest6" time="0.002" classname="completePackage.Annotations"/>
  <system-out/>
  <testcase name="fnTest4" time="0.017" classname="completePackage.Annotations"/>
  <system-out/>
  <testcase name="fnTest5" time="0.003" classname="completePackage.Annotations"/>
  <system-out/>
  <testcase name="fnTest7" time="0.002" classname="completePackage.Annotations"/>
  <system-out/>
  <testcase name="fnTest2" time="0.011" classname="completePackage.Annotations"/>
  <system-out/>
  <testcase name="fnTest1" time="0.005" classname="completePackage.Annotations"/>
  <system-out/>
  <testcase name="fnTest3" classname="completePackage.Annotations">
    <skipped/>
  </testcase> <!-- fnTest3 -->
  <system-out/>
</testsuite> <!-- completePackage.Annotations -->
